c:\users\adity\source\repos\assingment3\assingment3\debug\vc141.pdb
c:\users\adity\source\repos\assingment3\assingment3\debug\vc141.idb
c:\users\adity\source\repos\assingment3\assingment3\debug\source.obj
c:\users\adity\source\repos\assingment3\assingment3\debug\hospital.obj
c:\users\adity\source\repos\assingment3\assingment3\debug\male.obj
c:\users\adity\source\repos\assingment3\assingment3\debug\malein.obj
c:\users\adity\source\repos\assingment3\assingment3\debug\patient.obj
c:\users\adity\source\repos\assingment3\assingment3\debug\inpatient.obj
c:\users\adity\source\repos\assingment3\assingment3\debug\males.obj
c:\users\adity\source\repos\assingment3\assingment3\debug\maleout.obj
c:\users\adity\source\repos\assingment3\assingment3\debug\outpatient.obj
c:\users\adity\source\repos\assingment3\assingment3\debug\female.obj
c:\users\adity\source\repos\assingment3\assingment3\debug\femalein.obj
c:\users\adity\source\repos\assingment3\assingment3\debug\femaleout.obj
c:\users\adity\source\repos\assingment3\debug\assingment3.exe
c:\users\adity\source\repos\assingment3\debug\assingment3.ilk
c:\users\adity\source\repos\assingment3\debug\assingment3.pdb
c:\users\adity\source\repos\assingment3\assingment3\debug\assingment3.tlog\cl.command.1.tlog
c:\users\adity\source\repos\assingment3\assingment3\debug\assingment3.tlog\cl.read.1.tlog
c:\users\adity\source\repos\assingment3\assingment3\debug\assingment3.tlog\cl.write.1.tlog
c:\users\adity\source\repos\assingment3\assingment3\debug\assingment3.tlog\link.command.1.tlog
c:\users\adity\source\repos\assingment3\assingment3\debug\assingment3.tlog\link.read.1.tlog
c:\users\adity\source\repos\assingment3\assingment3\debug\assingment3.tlog\link.write.1.tlog
